<?xml version="1.0" encoding="UTF-8"?>
<testng-results ignored="0" total="2" passed="2" failed="0" skipped="0">
  <reporter-output>
  </reporter-output>
  <suite started-at="2023-02-11T11:01:07 IST" name="Suite" finished-at="2023-02-11T11:01:07 IST" duration-ms="113">
    <groups>
    </groups>
    <test started-at="2023-02-11T11:01:07 IST" name="Test" finished-at="2023-02-11T11:01:07 IST" duration-ms="113">
      <class name="com.mathematics.test.SubstractionTest">
        <test-method signature="main()[pri:0, instance:com.mathematics.test.SubstractionTest@1bd4fdd]" started-at="2023-02-11T11:01:07 IST" name="main" finished-at="2023-02-11T11:01:07 IST" duration-ms="2" status="PASS">
          <reporter-output>
          </reporter-output>
        </test-method> <!-- main -->
      </class> <!-- com.mathematics.test.SubstractionTest -->
      <class name="com.mathematics.test.AdditionTest">
        <test-method signature="main()[pri:0, instance:com.mathematics.test.AdditionTest@4efbca5a]" started-at="2023-02-11T11:01:07 IST" name="main" finished-at="2023-02-11T11:01:07 IST" duration-ms="17" status="PASS">
          <reporter-output>
          </reporter-output>
        </test-method> <!-- main -->
      </class> <!-- com.mathematics.test.AdditionTest -->
    </test> <!-- Test -->
  </suite> <!-- Suite -->
</testng-results>
